  Building Custom Rule D:/a/lungsim/lungsim/lungsim/src/bindings/c/CMakeLists.txt
  arrays.c
  diagnostics.c
D:\a\lungsim\lungsim\lungsim\src\bindings\c\diagnostics.c(12,1): warning C4267: 'initializing': conversion from 'size_t' to 'int', possible loss of data
  exports.c
D:\a\lungsim\lungsim\lungsim\src\bindings\c\exports.c(44,1): warning C4267: 'initializing': conversion from 'size_t' to 'int', possible loss of data
D:\a\lungsim\lungsim\lungsim\src\bindings\c\exports.c(45,1): warning C4267: 'initializing': conversion from 'size_t' to 'int', possible loss of data
D:\a\lungsim\lungsim\lungsim\src\bindings\c\exports.c(53,1): warning C4267: 'initializing': conversion from 'size_t' to 'int', possible loss of data
D:\a\lungsim\lungsim\lungsim\src\bindings\c\exports.c(54,1): warning C4267: 'initializing': conversion from 'size_t' to 'int', possible loss of data
D:\a\lungsim\lungsim\lungsim\src\bindings\c\exports.c(55,1): warning C4267: 'initializing': conversion from 'size_t' to 'int', possible loss of data
D:\a\lungsim\lungsim\lungsim\src\bindings\c\exports.c(63,1): warning C4267: 'initializing': conversion from 'size_t' to 'int', possible loss of data
D:\a\lungsim\lungsim\lungsim\src\bindings\c\exports.c(64,1): warning C4267: 'initializing': conversion from 'size_t' to 'int', possible loss of data
D:\a\lungsim\lungsim\lungsim\src\bindings\c\exports.c(72,1): warning C4267: 'initializing': conversion from 'size_t' to 'int', possible loss of data
D:\a\lungsim\lungsim\lungsim\src\bindings\c\exports.c(73,1): warning C4267: 'initializing': conversion from 'size_t' to 'int', possible loss of data
D:\a\lungsim\lungsim\lungsim\src\bindings\c\exports.c(82,1): warning C4267: 'initializing': conversion from 'size_t' to 'int', possible loss of data
D:\a\lungsim\lungsim\lungsim\src\bindings\c\exports.c(83,1): warning C4267: 'initializing': conversion from 'size_t' to 'int', possible loss of data
D:\a\lungsim\lungsim\lungsim\src\bindings\c\exports.c(84,1): warning C4267: 'initializing': conversion from 'size_t' to 'int', possible loss of data
D:\a\lungsim\lungsim\lungsim\src\bindings\c\exports.c(92,1): warning C4267: 'initializing': conversion from 'size_t' to 'int', possible loss of data
D:\a\lungsim\lungsim\lungsim\src\bindings\c\exports.c(93,1): warning C4267: 'initializing': conversion from 'size_t' to 'int', possible loss of data
D:\a\lungsim\lungsim\lungsim\src\bindings\c\exports.c(100,1): warning C4267: 'initializing': conversion from 'size_t' to 'int', possible loss of data
D:\a\lungsim\lungsim\lungsim\src\bindings\c\exports.c(101,1): warning C4267: 'initializing': conversion from 'size_t' to 'int', possible loss of data
D:\a\lungsim\lungsim\lungsim\src\bindings\c\exports.c(108,1): warning C4267: 'initializing': conversion from 'size_t' to 'int', possible loss of data
D:\a\lungsim\lungsim\lungsim\src\bindings\c\exports.c(109,1): warning C4267: 'initializing': conversion from 'size_t' to 'int', possible loss of data
D:\a\lungsim\lungsim\lungsim\src\bindings\c\exports.c(116,1): warning C4267: 'initializing': conversion from 'size_t' to 'int', possible loss of data
D:\a\lungsim\lungsim\lungsim\src\bindings\c\exports.c(117,1): warning C4267: 'initializing': conversion from 'size_t' to 'int', possible loss of data
D:\a\lungsim\lungsim\lungsim\src\bindings\c\exports.c(124,1): warning C4267: 'initializing': conversion from 'size_t' to 'int', possible loss of data
D:\a\lungsim\lungsim\lungsim\src\bindings\c\exports.c(125,1): warning C4267: 'initializing': conversion from 'size_t' to 'int', possible loss of data
D:\a\lungsim\lungsim\lungsim\src\bindings\c\exports.c(132,1): warning C4267: 'initializing': conversion from 'size_t' to 'int', possible loss of data
D:\a\lungsim\lungsim\lungsim\src\bindings\c\exports.c(133,1): warning C4267: 'initializing': conversion from 'size_t' to 'int', possible loss of data
D:\a\lungsim\lungsim\lungsim\src\bindings\c\exports.c(140,1): warning C4267: 'initializing': conversion from 'size_t' to 'int', possible loss of data
D:\a\lungsim\lungsim\lungsim\src\bindings\c\exports.c(141,1): warning C4267: 'initializing': conversion from 'size_t' to 'int', possible loss of data
D:\a\lungsim\lungsim\lungsim\src\bindings\c\exports.c(148,1): warning C4267: 'initializing': conversion from 'size_t' to 'int', possible loss of data
D:\a\lungsim\lungsim\lungsim\src\bindings\c\exports.c(149,1): warning C4267: 'initializing': conversion from 'size_t' to 'int', possible loss of data
D:\a\lungsim\lungsim\lungsim\src\bindings\c\exports.c(156,1): warning C4267: 'initializing': conversion from 'size_t' to 'int', possible loss of data
D:\a\lungsim\lungsim\lungsim\src\bindings\c\exports.c(157,1): warning C4267: 'initializing': conversion from 'size_t' to 'int', possible loss of data
D:\a\lungsim\lungsim\lungsim\src\bindings\c\exports.c(158,1): warning C4267: 'initializing': conversion from 'size_t' to 'int', possible loss of data
  filenames.c
D:\a\lungsim\lungsim\lungsim\src\bindings\c\filenames.c(25,1): warning C4267: 'initializing': conversion from 'size_t' to 'int', possible loss of data
  field_utilities.c
D:\a\lungsim\lungsim\lungsim\src\bindings\c\field_utilities.c(11,1): warning C4267: 'initializing': conversion from 'size_t' to 'int', possible loss of data
  gas_exchange.c
  gasmix.c
  geometry.c
  growtree.c
  indices.c
D:\a\lungsim\lungsim\lungsim\src\bindings\c\indices.c(16,1): warning C4267: 'initializing': conversion from 'size_t' to 'int', possible loss of data
  imports.c
D:\a\lungsim\lungsim\lungsim\src\bindings\c\imports.c(12,1): warning C4267: 'initializing': conversion from 'size_t' to 'int', possible loss of data
D:\a\lungsim\lungsim\lungsim\src\bindings\c\imports.c(17,1): warning C4267: 'initializing': conversion from 'size_t' to 'int', possible loss of data
  pressure_resistance_flow.c
D:\a\lungsim\lungsim\lungsim\src\bindings\c\pressure_resistance_flow.c(8,1): warning C4267: 'initializing': conversion from 'size_t' to 'int', possible loss of data
D:\a\lungsim\lungsim\lungsim\src\bindings\c\pressure_resistance_flow.c(9,1): warning C4267: 'initializing': conversion from 'size_t' to 'int', possible loss of data
D:\a\lungsim\lungsim\lungsim\src\bindings\c\pressure_resistance_flow.c(10,1): warning C4267: 'initializing': conversion from 'size_t' to 'int', possible loss of data
  species_transport.c
  surface_fitting.c
D:\a\lungsim\lungsim\lungsim\src\bindings\c\surface_fitting.c(11,1): warning C4267: 'initializing': conversion from 'size_t' to 'int', possible loss of data
D:\a\lungsim\lungsim\lungsim\src\bindings\c\surface_fitting.c(22,1): warning C4267: 'initializing': conversion from 'size_t' to 'int', possible loss of data
D:\a\lungsim\lungsim\lungsim\src\bindings\c\surface_fitting.c(23,1): warning C4267: 'initializing': conversion from 'size_t' to 'int', possible loss of data
  utils.c
  ventilation.c
  wave_transmission.c
  Generating Code...
     Creating library D:/a/lungsim/lungsim/build-lungsim/src/bindings/c/Release/aether_c.lib and object D:/a/lungsim/lungsim/build-lungsim/src/bindings/c/Release/aether_c.exp
  aether_c.vcxproj -> D:\a\lungsim\lungsim\build-lungsim\src\bindings\c\Release\aether_c.dll
